[INFO][localhost-startStop-1][2016-12-08 14:25:19][org.springframework.web.context.ContextLoader] - Root WebApplicationContext: initialization started
[INFO][localhost-startStop-1][2016-12-08 14:25:19][org.springframework.context.support.AbstractApplicationContext] - Refreshing Root WebApplicationContext: startup date [Thu Dec 08 14:25:19 CST 2016]; root of context hierarchy
[INFO][localhost-startStop-1][2016-12-08 14:25:19][org.springframework.beans.factory.xml.XmlBeanDefinitionReader] - Loading XML bean definitions from class path resource [spring-mybatis.xml]
[ERROR][localhost-startStop-1][2016-12-08 14:25:19][org.springframework.web.context.ContextLoader] - Context initialization failed
org.springframework.beans.factory.BeanDefinitionStoreException: IOException parsing XML document from class path resource [spring-mybatis.xml]; nested exception is java.io.FileNotFoundException: class path resource [spring-mybatis.xml] cannot be opened because it does not exist
	at org.springframework.beans.factory.xml.XmlBeanDefinitionReader.loadBeanDefinitions(XmlBeanDefinitionReader.java:344)
	at org.springframework.beans.factory.xml.XmlBeanDefinitionReader.loadBeanDefinitions(XmlBeanDefinitionReader.java:304)
	at org.springframework.beans.factory.support.AbstractBeanDefinitionReader.loadBeanDefinitions(AbstractBeanDefinitionReader.java:181)
	at org.springframework.beans.factory.support.AbstractBeanDefinitionReader.loadBeanDefinitions(AbstractBeanDefinitionReader.java:217)
	at org.springframework.beans.factory.support.AbstractBeanDefinitionReader.loadBeanDefinitions(AbstractBeanDefinitionReader.java:188)
	at org.springframework.web.context.support.XmlWebApplicationContext.loadBeanDefinitions(XmlWebApplicationContext.java:125)
	at org.springframework.web.context.support.XmlWebApplicationContext.loadBeanDefinitions(XmlWebApplicationContext.java:94)
	at org.springframework.context.support.AbstractRefreshableApplicationContext.refreshBeanFactory(AbstractRefreshableApplicationContext.java:129)
	at org.springframework.context.support.AbstractApplicationContext.obtainFreshBeanFactory(AbstractApplicationContext.java:609)
	at org.springframework.context.support.AbstractApplicationContext.refresh(AbstractApplicationContext.java:510)
	at org.springframework.web.context.ContextLoader.configureAndRefreshWebApplicationContext(ContextLoader.java:444)
	at org.springframework.web.context.ContextLoader.initWebApplicationContext(ContextLoader.java:326)
	at org.springframework.web.context.ContextLoaderListener.contextInitialized(ContextLoaderListener.java:107)
	at org.apache.catalina.core.StandardContext.listenerStart(StandardContext.java:4797)
	at org.apache.catalina.core.StandardContext.startInternal(StandardContext.java:5291)
	at org.apache.catalina.util.LifecycleBase.start(LifecycleBase.java:150)
	at org.apache.catalina.core.ContainerBase$StartChild.call(ContainerBase.java:1559)
	at org.apache.catalina.core.ContainerBase$StartChild.call(ContainerBase.java:1549)
	at java.util.concurrent.FutureTask.run(FutureTask.java:266)
	at java.util.concurrent.ThreadPoolExecutor.runWorker(ThreadPoolExecutor.java:1142)
	at java.util.concurrent.ThreadPoolExecutor$Worker.run(ThreadPoolExecutor.java:617)
	at java.lang.Thread.run(Thread.java:745)
Caused by: java.io.FileNotFoundException: class path resource [spring-mybatis.xml] cannot be opened because it does not exist
	at org.springframework.core.io.ClassPathResource.getInputStream(ClassPathResource.java:172)
	at org.springframework.beans.factory.xml.XmlBeanDefinitionReader.loadBeanDefinitions(XmlBeanDefinitionReader.java:330)
	... 21 more
[INFO][localhost-startStop-1][2016-12-08 14:25:19][org.springframework.context.support.AbstractApplicationContext] - Closing Root WebApplicationContext: startup date [Thu Dec 08 14:25:19 CST 2016]; root of context hierarchy
[WARN][localhost-startStop-1][2016-12-08 14:25:19][org.springframework.context.support.AbstractApplicationContext] - Exception thrown from LifecycleProcessor on context close
java.lang.IllegalStateException: LifecycleProcessor not initialized - call 'refresh' before invoking lifecycle methods via the context: Root WebApplicationContext: startup date [Thu Dec 08 14:25:19 CST 2016]; root of context hierarchy
	at org.springframework.context.support.AbstractApplicationContext.getLifecycleProcessor(AbstractApplicationContext.java:415)
	at org.springframework.context.support.AbstractApplicationContext.doClose(AbstractApplicationContext.java:975)
	at org.springframework.context.support.AbstractApplicationContext.close(AbstractApplicationContext.java:934)
	at org.springframework.web.context.ContextLoader.closeWebApplicationContext(ContextLoader.java:581)
	at org.springframework.web.context.ContextLoaderListener.contextDestroyed(ContextLoaderListener.java:116)
	at org.apache.catalina.core.StandardContext.listenerStop(StandardContext.java:4837)
	at org.apache.catalina.core.StandardContext.stopInternal(StandardContext.java:5483)
	at org.apache.catalina.util.LifecycleBase.stop(LifecycleBase.java:232)
	at org.apache.catalina.util.LifecycleBase.start(LifecycleBase.java:160)
	at org.apache.catalina.core.ContainerBase$StartChild.call(ContainerBase.java:1559)
	at org.apache.catalina.core.ContainerBase$StartChild.call(ContainerBase.java:1549)
	at java.util.concurrent.FutureTask.run(FutureTask.java:266)
	at java.util.concurrent.ThreadPoolExecutor.runWorker(ThreadPoolExecutor.java:1142)
	at java.util.concurrent.ThreadPoolExecutor$Worker.run(ThreadPoolExecutor.java:617)
	at java.lang.Thread.run(Thread.java:745)
[INFO][localhost-startStop-1][2016-12-08 14:25:56][org.springframework.web.context.ContextLoader] - Root WebApplicationContext: initialization started
[INFO][localhost-startStop-1][2016-12-08 14:25:56][org.springframework.context.support.AbstractApplicationContext] - Refreshing Root WebApplicationContext: startup date [Thu Dec 08 14:25:56 CST 2016]; root of context hierarchy
[INFO][localhost-startStop-1][2016-12-08 14:25:56][org.springframework.beans.factory.xml.XmlBeanDefinitionReader] - Loading XML bean definitions from class path resource [spring-mybatis.xml]
[ERROR][localhost-startStop-1][2016-12-08 14:25:56][org.springframework.web.context.ContextLoader] - Context initialization failed
org.springframework.beans.factory.BeanDefinitionStoreException: IOException parsing XML document from class path resource [spring-mybatis.xml]; nested exception is java.io.FileNotFoundException: class path resource [spring-mybatis.xml] cannot be opened because it does not exist
	at org.springframework.beans.factory.xml.XmlBeanDefinitionReader.loadBeanDefinitions(XmlBeanDefinitionReader.java:344)
	at org.springframework.beans.factory.xml.XmlBeanDefinitionReader.loadBeanDefinitions(XmlBeanDefinitionReader.java:304)
	at org.springframework.beans.factory.support.AbstractBeanDefinitionReader.loadBeanDefinitions(AbstractBeanDefinitionReader.java:181)
	at org.springframework.beans.factory.support.AbstractBeanDefinitionReader.loadBeanDefinitions(AbstractBeanDefinitionReader.java:217)
	at org.springframework.beans.factory.support.AbstractBeanDefinitionReader.loadBeanDefinitions(AbstractBeanDefinitionReader.java:188)
	at org.springframework.web.context.support.XmlWebApplicationContext.loadBeanDefinitions(XmlWebApplicationContext.java:125)
	at org.springframework.web.context.support.XmlWebApplicationContext.loadBeanDefinitions(XmlWebApplicationContext.java:94)
	at org.springframework.context.support.AbstractRefreshableApplicationContext.refreshBeanFactory(AbstractRefreshableApplicationContext.java:129)
	at org.springframework.context.support.AbstractApplicationContext.obtainFreshBeanFactory(AbstractApplicationContext.java:609)
	at org.springframework.context.support.AbstractApplicationContext.refresh(AbstractApplicationContext.java:510)
	at org.springframework.web.context.ContextLoader.configureAndRefreshWebApplicationContext(ContextLoader.java:444)
	at org.springframework.web.context.ContextLoader.initWebApplicationContext(ContextLoader.java:326)
	at org.springframework.web.context.ContextLoaderListener.contextInitialized(ContextLoaderListener.java:107)
	at org.apache.catalina.core.StandardContext.listenerStart(StandardContext.java:4797)
	at org.apache.catalina.core.StandardContext.startInternal(StandardContext.java:5291)
	at org.apache.catalina.util.LifecycleBase.start(LifecycleBase.java:150)
	at org.apache.catalina.core.ContainerBase$StartChild.call(ContainerBase.java:1559)
	at org.apache.catalina.core.ContainerBase$StartChild.call(ContainerBase.java:1549)
	at java.util.concurrent.FutureTask.run(FutureTask.java:266)
	at java.util.concurrent.ThreadPoolExecutor.runWorker(ThreadPoolExecutor.java:1142)
	at java.util.concurrent.ThreadPoolExecutor$Worker.run(ThreadPoolExecutor.java:617)
	at java.lang.Thread.run(Thread.java:745)
Caused by: java.io.FileNotFoundException: class path resource [spring-mybatis.xml] cannot be opened because it does not exist
	at org.springframework.core.io.ClassPathResource.getInputStream(ClassPathResource.java:172)
	at org.springframework.beans.factory.xml.XmlBeanDefinitionReader.loadBeanDefinitions(XmlBeanDefinitionReader.java:330)
	... 21 more
[INFO][localhost-startStop-1][2016-12-08 14:25:56][org.springframework.context.support.AbstractApplicationContext] - Closing Root WebApplicationContext: startup date [Thu Dec 08 14:25:56 CST 2016]; root of context hierarchy
[WARN][localhost-startStop-1][2016-12-08 14:25:56][org.springframework.context.support.AbstractApplicationContext] - Exception thrown from LifecycleProcessor on context close
java.lang.IllegalStateException: LifecycleProcessor not initialized - call 'refresh' before invoking lifecycle methods via the context: Root WebApplicationContext: startup date [Thu Dec 08 14:25:56 CST 2016]; root of context hierarchy
	at org.springframework.context.support.AbstractApplicationContext.getLifecycleProcessor(AbstractApplicationContext.java:415)
	at org.springframework.context.support.AbstractApplicationContext.doClose(AbstractApplicationContext.java:975)
	at org.springframework.context.support.AbstractApplicationContext.close(AbstractApplicationContext.java:934)
	at org.springframework.web.context.ContextLoader.closeWebApplicationContext(ContextLoader.java:581)
	at org.springframework.web.context.ContextLoaderListener.contextDestroyed(ContextLoaderListener.java:116)
	at org.apache.catalina.core.StandardContext.listenerStop(StandardContext.java:4837)
	at org.apache.catalina.core.StandardContext.stopInternal(StandardContext.java:5483)
	at org.apache.catalina.util.LifecycleBase.stop(LifecycleBase.java:232)
	at org.apache.catalina.util.LifecycleBase.start(LifecycleBase.java:160)
	at org.apache.catalina.core.ContainerBase$StartChild.call(ContainerBase.java:1559)
	at org.apache.catalina.core.ContainerBase$StartChild.call(ContainerBase.java:1549)
	at java.util.concurrent.FutureTask.run(FutureTask.java:266)
	at java.util.concurrent.ThreadPoolExecutor.runWorker(ThreadPoolExecutor.java:1142)
	at java.util.concurrent.ThreadPoolExecutor$Worker.run(ThreadPoolExecutor.java:617)
	at java.lang.Thread.run(Thread.java:745)
[INFO][localhost-startStop-1][2016-12-08 14:26:17][org.springframework.web.context.ContextLoader] - Root WebApplicationContext: initialization started
[INFO][localhost-startStop-1][2016-12-08 14:26:17][org.springframework.context.support.AbstractApplicationContext] - Refreshing Root WebApplicationContext: startup date [Thu Dec 08 14:26:17 CST 2016]; root of context hierarchy
[INFO][localhost-startStop-1][2016-12-08 14:26:17][org.springframework.beans.factory.xml.XmlBeanDefinitionReader] - Loading XML bean definitions from class path resource [spring-mybatis.xml]
[ERROR][localhost-startStop-1][2016-12-08 14:26:17][org.springframework.web.context.ContextLoader] - Context initialization failed
org.springframework.beans.factory.BeanDefinitionStoreException: IOException parsing XML document from class path resource [spring-mybatis.xml]; nested exception is java.io.FileNotFoundException: class path resource [spring-mybatis.xml] cannot be opened because it does not exist
	at org.springframework.beans.factory.xml.XmlBeanDefinitionReader.loadBeanDefinitions(XmlBeanDefinitionReader.java:344)
	at org.springframework.beans.factory.xml.XmlBeanDefinitionReader.loadBeanDefinitions(XmlBeanDefinitionReader.java:304)
	at org.springframework.beans.factory.support.AbstractBeanDefinitionReader.loadBeanDefinitions(AbstractBeanDefinitionReader.java:181)
	at org.springframework.beans.factory.support.AbstractBeanDefinitionReader.loadBeanDefinitions(AbstractBeanDefinitionReader.java:217)
	at org.springframework.beans.factory.support.AbstractBeanDefinitionReader.loadBeanDefinitions(AbstractBeanDefinitionReader.java:188)
	at org.springframework.web.context.support.XmlWebApplicationContext.loadBeanDefinitions(XmlWebApplicationContext.java:125)
	at org.springframework.web.context.support.XmlWebApplicationContext.loadBeanDefinitions(XmlWebApplicationContext.java:94)
	at org.springframework.context.support.AbstractRefreshableApplicationContext.refreshBeanFactory(AbstractRefreshableApplicationContext.java:129)
	at org.springframework.context.support.AbstractApplicationContext.obtainFreshBeanFactory(AbstractApplicationContext.java:609)
	at org.springframework.context.support.AbstractApplicationContext.refresh(AbstractApplicationContext.java:510)
	at org.springframework.web.context.ContextLoader.configureAndRefreshWebApplicationContext(ContextLoader.java:444)
	at org.springframework.web.context.ContextLoader.initWebApplicationContext(ContextLoader.java:326)
	at org.springframework.web.context.ContextLoaderListener.contextInitialized(ContextLoaderListener.java:107)
	at org.apache.catalina.core.StandardContext.listenerStart(StandardContext.java:4797)
	at org.apache.catalina.core.StandardContext.startInternal(StandardContext.java:5291)
	at org.apache.catalina.util.LifecycleBase.start(LifecycleBase.java:150)
	at org.apache.catalina.core.ContainerBase$StartChild.call(ContainerBase.java:1559)
	at org.apache.catalina.core.ContainerBase$StartChild.call(ContainerBase.java:1549)
	at java.util.concurrent.FutureTask.run(FutureTask.java:266)
	at java.util.concurrent.ThreadPoolExecutor.runWorker(ThreadPoolExecutor.java:1142)
	at java.util.concurrent.ThreadPoolExecutor$Worker.run(ThreadPoolExecutor.java:617)
	at java.lang.Thread.run(Thread.java:745)
Caused by: java.io.FileNotFoundException: class path resource [spring-mybatis.xml] cannot be opened because it does not exist
	at org.springframework.core.io.ClassPathResource.getInputStream(ClassPathResource.java:172)
	at org.springframework.beans.factory.xml.XmlBeanDefinitionReader.loadBeanDefinitions(XmlBeanDefinitionReader.java:330)
	... 21 more
[INFO][localhost-startStop-1][2016-12-08 14:26:17][org.springframework.context.support.AbstractApplicationContext] - Closing Root WebApplicationContext: startup date [Thu Dec 08 14:26:17 CST 2016]; root of context hierarchy
[WARN][localhost-startStop-1][2016-12-08 14:26:17][org.springframework.context.support.AbstractApplicationContext] - Exception thrown from LifecycleProcessor on context close
java.lang.IllegalStateException: LifecycleProcessor not initialized - call 'refresh' before invoking lifecycle methods via the context: Root WebApplicationContext: startup date [Thu Dec 08 14:26:17 CST 2016]; root of context hierarchy
	at org.springframework.context.support.AbstractApplicationContext.getLifecycleProcessor(AbstractApplicationContext.java:415)
	at org.springframework.context.support.AbstractApplicationContext.doClose(AbstractApplicationContext.java:975)
	at org.springframework.context.support.AbstractApplicationContext.close(AbstractApplicationContext.java:934)
	at org.springframework.web.context.ContextLoader.closeWebApplicationContext(ContextLoader.java:581)
	at org.springframework.web.context.ContextLoaderListener.contextDestroyed(ContextLoaderListener.java:116)
	at org.apache.catalina.core.StandardContext.listenerStop(StandardContext.java:4837)
	at org.apache.catalina.core.StandardContext.stopInternal(StandardContext.java:5483)
	at org.apache.catalina.util.LifecycleBase.stop(LifecycleBase.java:232)
	at org.apache.catalina.util.LifecycleBase.start(LifecycleBase.java:160)
	at org.apache.catalina.core.ContainerBase$StartChild.call(ContainerBase.java:1559)
	at org.apache.catalina.core.ContainerBase$StartChild.call(ContainerBase.java:1549)
	at java.util.concurrent.FutureTask.run(FutureTask.java:266)
	at java.util.concurrent.ThreadPoolExecutor.runWorker(ThreadPoolExecutor.java:1142)
	at java.util.concurrent.ThreadPoolExecutor$Worker.run(ThreadPoolExecutor.java:617)
	at java.lang.Thread.run(Thread.java:745)
[INFO][localhost-startStop-1][2016-12-08 14:30:08][org.springframework.web.context.ContextLoader] - Root WebApplicationContext: initialization started
[INFO][localhost-startStop-1][2016-12-08 14:30:08][org.springframework.context.support.AbstractApplicationContext] - Refreshing Root WebApplicationContext: startup date [Thu Dec 08 14:30:08 CST 2016]; root of context hierarchy
[INFO][localhost-startStop-1][2016-12-08 14:30:08][org.springframework.beans.factory.xml.XmlBeanDefinitionReader] - Loading XML bean definitions from class path resource [spring-mybatis.xml]
[WARN][localhost-startStop-1][2016-12-08 14:30:09][org.mybatis.spring.mapper.ClassPathMapperScanner] - No MyBatis mapper was found in '[com.heitian.ssm.dao]' package. Please check your configuration.
[INFO][localhost-startStop-1][2016-12-08 14:30:09][org.springframework.core.io.support.PropertiesLoaderSupport] - Loading properties file from class path resource [jdbc.properties]
[INFO][localhost-startStop-1][2016-12-08 14:30:09][org.springframework.beans.factory.annotation.AutowiredAnnotationBeanPostProcessor] - JSR-330 'javax.inject.Inject' annotation found and supported for autowiring
[WARN][localhost-startStop-1][2016-12-08 14:30:09][org.springframework.context.support.AbstractApplicationContext] - Exception encountered during context initialization - cancelling refresh attempt: org.springframework.beans.factory.BeanCreationException: Error creating bean with name 'sqlSessionFactory' defined in class path resource [spring-mybatis.xml]: Invocation of init method failed; nested exception is org.springframework.core.NestedIOException: Failed to parse mapping resource: 'file [E:\workspace\MeetingManage\target\classes\mapping\UserMapper.xml]'; nested exception is org.apache.ibatis.builder.BuilderException: Error parsing Mapper XML. Cause: org.apache.ibatis.builder.BuilderException: Error resolving class. Cause: org.apache.ibatis.type.TypeException: Could not resolve type alias 'com.leezy.meeting.model.User'.  Cause: java.lang.ClassNotFoundException: Cannot find class: com.leezy.meeting.model.User
[ERROR][localhost-startStop-1][2016-12-08 14:30:09][org.springframework.web.context.ContextLoader] - Context initialization failed
org.springframework.beans.factory.BeanCreationException: Error creating bean with name 'sqlSessionFactory' defined in class path resource [spring-mybatis.xml]: Invocation of init method failed; nested exception is org.springframework.core.NestedIOException: Failed to parse mapping resource: 'file [E:\workspace\MeetingManage\target\classes\mapping\UserMapper.xml]'; nested exception is org.apache.ibatis.builder.BuilderException: Error parsing Mapper XML. Cause: org.apache.ibatis.builder.BuilderException: Error resolving class. Cause: org.apache.ibatis.type.TypeException: Could not resolve type alias 'com.leezy.meeting.model.User'.  Cause: java.lang.ClassNotFoundException: Cannot find class: com.leezy.meeting.model.User
	at org.springframework.beans.factory.support.AbstractAutowireCapableBeanFactory.initializeBean(AbstractAutowireCapableBeanFactory.java:1578)
	at org.springframework.beans.factory.support.AbstractAutowireCapableBeanFactory.doCreateBean(AbstractAutowireCapableBeanFactory.java:545)
	at org.springframework.beans.factory.support.AbstractAutowireCapableBeanFactory.createBean(AbstractAutowireCapableBeanFactory.java:482)
	at org.springframework.beans.factory.support.AbstractBeanFactory$1.getObject(AbstractBeanFactory.java:306)
	at org.springframework.beans.factory.support.DefaultSingletonBeanRegistry.getSingleton(DefaultSingletonBeanRegistry.java:230)
	at org.springframework.beans.factory.support.AbstractBeanFactory.doGetBean(AbstractBeanFactory.java:302)
	at org.springframework.beans.factory.support.AbstractBeanFactory.getBean(AbstractBeanFactory.java:197)
	at org.springframework.beans.factory.support.DefaultListableBeanFactory.preInstantiateSingletons(DefaultListableBeanFactory.java:753)
	at org.springframework.context.support.AbstractApplicationContext.finishBeanFactoryInitialization(AbstractApplicationContext.java:839)
	at org.springframework.context.support.AbstractApplicationContext.refresh(AbstractApplicationContext.java:538)
	at org.springframework.web.context.ContextLoader.configureAndRefreshWebApplicationContext(ContextLoader.java:444)
	at org.springframework.web.context.ContextLoader.initWebApplicationContext(ContextLoader.java:326)
	at org.springframework.web.context.ContextLoaderListener.contextInitialized(ContextLoaderListener.java:107)
	at org.apache.catalina.core.StandardContext.listenerStart(StandardContext.java:4797)
	at org.apache.catalina.core.StandardContext.startInternal(StandardContext.java:5291)
	at org.apache.catalina.util.LifecycleBase.start(LifecycleBase.java:150)
	at org.apache.catalina.core.ContainerBase$StartChild.call(ContainerBase.java:1559)
	at org.apache.catalina.core.ContainerBase$StartChild.call(ContainerBase.java:1549)
	at java.util.concurrent.FutureTask.run(FutureTask.java:266)
	at java.util.concurrent.ThreadPoolExecutor.runWorker(ThreadPoolExecutor.java:1142)
	at java.util.concurrent.ThreadPoolExecutor$Worker.run(ThreadPoolExecutor.java:617)
	at java.lang.Thread.run(Thread.java:745)
Caused by: org.springframework.core.NestedIOException: Failed to parse mapping resource: 'file [E:\workspace\MeetingManage\target\classes\mapping\UserMapper.xml]'; nested exception is org.apache.ibatis.builder.BuilderException: Error parsing Mapper XML. Cause: org.apache.ibatis.builder.BuilderException: Error resolving class. Cause: org.apache.ibatis.type.TypeException: Could not resolve type alias 'com.leezy.meeting.model.User'.  Cause: java.lang.ClassNotFoundException: Cannot find class: com.leezy.meeting.model.User
	at org.mybatis.spring.SqlSessionFactoryBean.buildSqlSessionFactory(SqlSessionFactoryBean.java:466)
	at org.mybatis.spring.SqlSessionFactoryBean.afterPropertiesSet(SqlSessionFactoryBean.java:340)
	at org.springframework.beans.factory.support.AbstractAutowireCapableBeanFactory.invokeInitMethods(AbstractAutowireCapableBeanFactory.java:1637)
	at org.springframework.beans.factory.support.AbstractAutowireCapableBeanFactory.initializeBean(AbstractAutowireCapableBeanFactory.java:1574)
	... 21 more
Caused by: org.apache.ibatis.builder.BuilderException: Error parsing Mapper XML. Cause: org.apache.ibatis.builder.BuilderException: Error resolving class. Cause: org.apache.ibatis.type.TypeException: Could not resolve type alias 'com.leezy.meeting.model.User'.  Cause: java.lang.ClassNotFoundException: Cannot find class: com.leezy.meeting.model.User
	at org.apache.ibatis.builder.xml.XMLMapperBuilder.configurationElement(XMLMapperBuilder.java:120)
	at org.apache.ibatis.builder.xml.XMLMapperBuilder.parse(XMLMapperBuilder.java:92)
	at org.mybatis.spring.SqlSessionFactoryBean.buildSqlSessionFactory(SqlSessionFactoryBean.java:464)
	... 24 more
Caused by: org.apache.ibatis.builder.BuilderException: Error resolving class. Cause: org.apache.ibatis.type.TypeException: Could not resolve type alias 'com.leezy.meeting.model.User'.  Cause: java.lang.ClassNotFoundException: Cannot find class: com.leezy.meeting.model.User
	at org.apache.ibatis.builder.BaseBuilder.resolveClass(BaseBuilder.java:103)
	at org.apache.ibatis.builder.xml.XMLMapperBuilder.resultMapElement(XMLMapperBuilder.java:264)
	at org.apache.ibatis.builder.xml.XMLMapperBuilder.resultMapElement(XMLMapperBuilder.java:251)
	at org.apache.ibatis.builder.xml.XMLMapperBuilder.resultMapElements(XMLMapperBuilder.java:243)
	at org.apache.ibatis.builder.xml.XMLMapperBuilder.configurationElement(XMLMapperBuilder.java:116)
	... 26 more
Caused by: org.apache.ibatis.type.TypeException: Could not resolve type alias 'com.leezy.meeting.model.User'.  Cause: java.lang.ClassNotFoundException: Cannot find class: com.leezy.meeting.model.User
	at org.apache.ibatis.type.TypeAliasRegistry.resolveAlias(TypeAliasRegistry.java:117)
	at org.apache.ibatis.builder.BaseBuilder.resolveAlias(BaseBuilder.java:130)
	at org.apache.ibatis.builder.BaseBuilder.resolveClass(BaseBuilder.java:101)
	... 30 more
Caused by: java.lang.ClassNotFoundException: Cannot find class: com.leezy.meeting.model.User
	at org.apache.ibatis.io.ClassLoaderWrapper.classForName(ClassLoaderWrapper.java:190)
	at org.apache.ibatis.io.ClassLoaderWrapper.classForName(ClassLoaderWrapper.java:89)
	at org.apache.ibatis.io.Resources.classForName(Resources.java:256)
	at org.apache.ibatis.type.TypeAliasRegistry.resolveAlias(TypeAliasRegistry.java:113)
	... 32 more
[INFO][localhost-startStop-1][2016-12-08 14:31:51][org.springframework.web.context.ContextLoader] - Root WebApplicationContext: initialization started
[INFO][localhost-startStop-1][2016-12-08 14:31:51][org.springframework.context.support.AbstractApplicationContext] - Refreshing Root WebApplicationContext: startup date [Thu Dec 08 14:31:51 CST 2016]; root of context hierarchy
[INFO][localhost-startStop-1][2016-12-08 14:31:51][org.springframework.beans.factory.xml.XmlBeanDefinitionReader] - Loading XML bean definitions from class path resource [spring-mybatis.xml]
[WARN][localhost-startStop-1][2016-12-08 14:31:51][org.mybatis.spring.mapper.ClassPathMapperScanner] - No MyBatis mapper was found in '[com.heitian.ssm.dao]' package. Please check your configuration.
[INFO][localhost-startStop-1][2016-12-08 14:31:51][org.springframework.core.io.support.PropertiesLoaderSupport] - Loading properties file from class path resource [jdbc.properties]
[INFO][localhost-startStop-1][2016-12-08 14:31:51][org.springframework.beans.factory.annotation.AutowiredAnnotationBeanPostProcessor] - JSR-330 'javax.inject.Inject' annotation found and supported for autowiring
[WARN][localhost-startStop-1][2016-12-08 14:31:51][org.springframework.context.support.AbstractApplicationContext] - Exception encountered during context initialization - cancelling refresh attempt: org.springframework.beans.factory.BeanCreationException: Error creating bean with name 'userController': Injection of resource dependencies failed; nested exception is org.springframework.beans.factory.BeanCreationException: Error creating bean with name 'userServiceImpl': Injection of resource dependencies failed; nested exception is org.springframework.beans.factory.NoSuchBeanDefinitionException: No qualifying bean of type [com.leezy.meet.dao.UserDao] found for dependency: expected at least 1 bean which qualifies as autowire candidate for this dependency. Dependency annotations: {@javax.annotation.Resource(shareable=true, lookup=, name=, description=, authenticationType=CONTAINER, type=class java.lang.Object, mappedName=)}
[ERROR][localhost-startStop-1][2016-12-08 14:31:51][org.springframework.web.context.ContextLoader] - Context initialization failed
org.springframework.beans.factory.BeanCreationException: Error creating bean with name 'userController': Injection of resource dependencies failed; nested exception is org.springframework.beans.factory.BeanCreationException: Error creating bean with name 'userServiceImpl': Injection of resource dependencies failed; nested exception is org.springframework.beans.factory.NoSuchBeanDefinitionException: No qualifying bean of type [com.leezy.meet.dao.UserDao] found for dependency: expected at least 1 bean which qualifies as autowire candidate for this dependency. Dependency annotations: {@javax.annotation.Resource(shareable=true, lookup=, name=, description=, authenticationType=CONTAINER, type=class java.lang.Object, mappedName=)}
	at org.springframework.context.annotation.CommonAnnotationBeanPostProcessor.postProcessPropertyValues(CommonAnnotationBeanPostProcessor.java:311)
	at org.springframework.beans.factory.support.AbstractAutowireCapableBeanFactory.populateBean(AbstractAutowireCapableBeanFactory.java:1214)
	at org.springframework.beans.factory.support.AbstractAutowireCapableBeanFactory.doCreateBean(AbstractAutowireCapableBeanFactory.java:543)
	at org.springframework.beans.factory.support.AbstractAutowireCapableBeanFactory.createBean(AbstractAutowireCapableBeanFactory.java:482)
	at org.springframework.beans.factory.support.AbstractBeanFactory$1.getObject(AbstractBeanFactory.java:306)
	at org.springframework.beans.factory.support.DefaultSingletonBeanRegistry.getSingleton(DefaultSingletonBeanRegistry.java:230)
	at org.springframework.beans.factory.support.AbstractBeanFactory.doGetBean(AbstractBeanFactory.java:302)
	at org.springframework.beans.factory.support.AbstractBeanFactory.getBean(AbstractBeanFactory.java:197)
	at org.springframework.beans.factory.support.DefaultListableBeanFactory.preInstantiateSingletons(DefaultListableBeanFactory.java:772)
	at org.springframework.context.support.AbstractApplicationContext.finishBeanFactoryInitialization(AbstractApplicationContext.java:839)
	at org.springframework.context.support.AbstractApplicationContext.refresh(AbstractApplicationContext.java:538)
	at org.springframework.web.context.ContextLoader.configureAndRefreshWebApplicationContext(ContextLoader.java:444)
	at org.springframework.web.context.ContextLoader.initWebApplicationContext(ContextLoader.java:326)
	at org.springframework.web.context.ContextLoaderListener.contextInitialized(ContextLoaderListener.java:107)
	at org.apache.catalina.core.StandardContext.listenerStart(StandardContext.java:4797)
	at org.apache.catalina.core.StandardContext.startInternal(StandardContext.java:5291)
	at org.apache.catalina.util.LifecycleBase.start(LifecycleBase.java:150)
	at org.apache.catalina.core.ContainerBase$StartChild.call(ContainerBase.java:1559)
	at org.apache.catalina.core.ContainerBase$StartChild.call(ContainerBase.java:1549)
	at java.util.concurrent.FutureTask.run(FutureTask.java:266)
	at java.util.concurrent.ThreadPoolExecutor.runWorker(ThreadPoolExecutor.java:1142)
	at java.util.concurrent.ThreadPoolExecutor$Worker.run(ThreadPoolExecutor.java:617)
	at java.lang.Thread.run(Thread.java:745)
Caused by: org.springframework.beans.factory.BeanCreationException: Error creating bean with name 'userServiceImpl': Injection of resource dependencies failed; nested exception is org.springframework.beans.factory.NoSuchBeanDefinitionException: No qualifying bean of type [com.leezy.meet.dao.UserDao] found for dependency: expected at least 1 bean which qualifies as autowire candidate for this dependency. Dependency annotations: {@javax.annotation.Resource(shareable=true, lookup=, name=, description=, authenticationType=CONTAINER, type=class java.lang.Object, mappedName=)}
	at org.springframework.context.annotation.CommonAnnotationBeanPostProcessor.postProcessPropertyValues(CommonAnnotationBeanPostProcessor.java:311)
	at org.springframework.beans.factory.support.AbstractAutowireCapableBeanFactory.populateBean(AbstractAutowireCapableBeanFactory.java:1214)
	at org.springframework.beans.factory.support.AbstractAutowireCapableBeanFactory.doCreateBean(AbstractAutowireCapableBeanFactory.java:543)
	at org.springframework.beans.factory.support.AbstractAutowireCapableBeanFactory.createBean(AbstractAutowireCapableBeanFactory.java:482)
	at org.springframework.beans.factory.support.AbstractBeanFactory$1.getObject(AbstractBeanFactory.java:306)
	at org.springframework.beans.factory.support.DefaultSingletonBeanRegistry.getSingleton(DefaultSingletonBeanRegistry.java:230)
	at org.springframework.beans.factory.support.AbstractBeanFactory.doGetBean(AbstractBeanFactory.java:302)
	at org.springframework.beans.factory.support.AbstractBeanFactory.getBean(AbstractBeanFactory.java:197)
	at org.springframework.beans.factory.support.DefaultListableBeanFactory.findAutowireCandidates(DefaultListableBeanFactory.java:1192)
	at org.springframework.beans.factory.support.DefaultListableBeanFactory.doResolveDependency(DefaultListableBeanFactory.java:1116)
	at org.springframework.beans.factory.support.DefaultListableBeanFactory.resolveDependency(DefaultListableBeanFactory.java:1014)
	at org.springframework.context.annotation.CommonAnnotationBeanPostProcessor.autowireResource(CommonAnnotationBeanPostProcessor.java:508)
	at org.springframework.context.annotation.CommonAnnotationBeanPostProcessor.getResource(CommonAnnotationBeanPostProcessor.java:486)
	at org.springframework.context.annotation.CommonAnnotationBeanPostProcessor$ResourceElement.getResourceToInject(CommonAnnotationBeanPostProcessor.java:615)
	at org.springframework.beans.factory.annotation.InjectionMetadata$InjectedElement.inject(InjectionMetadata.java:169)
	at org.springframework.beans.factory.annotation.InjectionMetadata.inject(InjectionMetadata.java:88)
	at org.springframework.context.annotation.CommonAnnotationBeanPostProcessor.postProcessPropertyValues(CommonAnnotationBeanPostProcessor.java:308)
	... 22 more
Caused by: org.springframework.beans.factory.NoSuchBeanDefinitionException: No qualifying bean of type [com.leezy.meet.dao.UserDao] found for dependency: expected at least 1 bean which qualifies as autowire candidate for this dependency. Dependency annotations: {@javax.annotation.Resource(shareable=true, lookup=, name=, description=, authenticationType=CONTAINER, type=class java.lang.Object, mappedName=)}
	at org.springframework.beans.factory.support.DefaultListableBeanFactory.raiseNoSuchBeanDefinitionException(DefaultListableBeanFactory.java:1373)
	at org.springframework.beans.factory.support.DefaultListableBeanFactory.doResolveDependency(DefaultListableBeanFactory.java:1119)
	at org.springframework.beans.factory.support.DefaultListableBeanFactory.resolveDependency(DefaultListableBeanFactory.java:1014)
	at org.springframework.context.annotation.CommonAnnotationBeanPostProcessor.autowireResource(CommonAnnotationBeanPostProcessor.java:508)
	at org.springframework.context.annotation.CommonAnnotationBeanPostProcessor.getResource(CommonAnnotationBeanPostProcessor.java:486)
	at org.springframework.context.annotation.CommonAnnotationBeanPostProcessor$ResourceElement.getResourceToInject(CommonAnnotationBeanPostProcessor.java:615)
	at org.springframework.beans.factory.annotation.InjectionMetadata$InjectedElement.inject(InjectionMetadata.java:169)
	at org.springframework.beans.factory.annotation.InjectionMetadata.inject(InjectionMetadata.java:88)
	at org.springframework.context.annotation.CommonAnnotationBeanPostProcessor.postProcessPropertyValues(CommonAnnotationBeanPostProcessor.java:308)
	... 38 more
[INFO][localhost-startStop-1][2016-12-08 14:33:25][org.springframework.web.context.ContextLoader] - Root WebApplicationContext: initialization started
[INFO][localhost-startStop-1][2016-12-08 14:33:25][org.springframework.context.support.AbstractApplicationContext] - Refreshing Root WebApplicationContext: startup date [Thu Dec 08 14:33:25 CST 2016]; root of context hierarchy
[INFO][localhost-startStop-1][2016-12-08 14:33:25][org.springframework.beans.factory.xml.XmlBeanDefinitionReader] - Loading XML bean definitions from class path resource [spring-mybatis.xml]
[WARN][localhost-startStop-1][2016-12-08 14:33:26][org.mybatis.spring.mapper.ClassPathMapperScanner] - No MyBatis mapper was found in '[com.heitian.ssm.dao]' package. Please check your configuration.
[INFO][localhost-startStop-1][2016-12-08 14:33:26][org.springframework.core.io.support.PropertiesLoaderSupport] - Loading properties file from class path resource [jdbc.properties]
[INFO][localhost-startStop-1][2016-12-08 14:33:26][org.springframework.beans.factory.annotation.AutowiredAnnotationBeanPostProcessor] - JSR-330 'javax.inject.Inject' annotation found and supported for autowiring
[WARN][localhost-startStop-1][2016-12-08 14:33:26][org.springframework.context.support.AbstractApplicationContext] - Exception encountered during context initialization - cancelling refresh attempt: org.springframework.beans.factory.BeanCreationException: Error creating bean with name 'userController': Injection of resource dependencies failed; nested exception is org.springframework.beans.factory.BeanCreationException: Error creating bean with name 'userServiceImpl': Injection of resource dependencies failed; nested exception is org.springframework.beans.factory.NoSuchBeanDefinitionException: No qualifying bean of type [com.leezy.meet.dao.UserDao] found for dependency: expected at least 1 bean which qualifies as autowire candidate for this dependency. Dependency annotations: {@javax.annotation.Resource(shareable=true, lookup=, name=, description=, authenticationType=CONTAINER, type=class java.lang.Object, mappedName=)}
[ERROR][localhost-startStop-1][2016-12-08 14:33:26][org.springframework.web.context.ContextLoader] - Context initialization failed
org.springframework.beans.factory.BeanCreationException: Error creating bean with name 'userController': Injection of resource dependencies failed; nested exception is org.springframework.beans.factory.BeanCreationException: Error creating bean with name 'userServiceImpl': Injection of resource dependencies failed; nested exception is org.springframework.beans.factory.NoSuchBeanDefinitionException: No qualifying bean of type [com.leezy.meet.dao.UserDao] found for dependency: expected at least 1 bean which qualifies as autowire candidate for this dependency. Dependency annotations: {@javax.annotation.Resource(shareable=true, lookup=, name=, description=, authenticationType=CONTAINER, type=class java.lang.Object, mappedName=)}
	at org.springframework.context.annotation.CommonAnnotationBeanPostProcessor.postProcessPropertyValues(CommonAnnotationBeanPostProcessor.java:311)
	at org.springframework.beans.factory.support.AbstractAutowireCapableBeanFactory.populateBean(AbstractAutowireCapableBeanFactory.java:1214)
	at org.springframework.beans.factory.support.AbstractAutowireCapableBeanFactory.doCreateBean(AbstractAutowireCapableBeanFactory.java:543)
	at org.springframework.beans.factory.support.AbstractAutowireCapableBeanFactory.createBean(AbstractAutowireCapableBeanFactory.java:482)
	at org.springframework.beans.factory.support.AbstractBeanFactory$1.getObject(AbstractBeanFactory.java:306)
	at org.springframework.beans.factory.support.DefaultSingletonBeanRegistry.getSingleton(DefaultSingletonBeanRegistry.java:230)
	at org.springframework.beans.factory.support.AbstractBeanFactory.doGetBean(AbstractBeanFactory.java:302)
	at org.springframework.beans.factory.support.AbstractBeanFactory.getBean(AbstractBeanFactory.java:197)
	at org.springframework.beans.factory.support.DefaultListableBeanFactory.preInstantiateSingletons(DefaultListableBeanFactory.java:772)
	at org.springframework.context.support.AbstractApplicationContext.finishBeanFactoryInitialization(AbstractApplicationContext.java:839)
	at org.springframework.context.support.AbstractApplicationContext.refresh(AbstractApplicationContext.java:538)
	at org.springframework.web.context.ContextLoader.configureAndRefreshWebApplicationContext(ContextLoader.java:444)
	at org.springframework.web.context.ContextLoader.initWebApplicationContext(ContextLoader.java:326)
	at org.springframework.web.context.ContextLoaderListener.contextInitialized(ContextLoaderListener.java:107)
	at org.apache.catalina.core.StandardContext.listenerStart(StandardContext.java:4797)
	at org.apache.catalina.core.StandardContext.startInternal(StandardContext.java:5291)
	at org.apache.catalina.util.LifecycleBase.start(LifecycleBase.java:150)
	at org.apache.catalina.core.ContainerBase$StartChild.call(ContainerBase.java:1559)
	at org.apache.catalina.core.ContainerBase$StartChild.call(ContainerBase.java:1549)
	at java.util.concurrent.FutureTask.run(FutureTask.java:266)
	at java.util.concurrent.ThreadPoolExecutor.runWorker(ThreadPoolExecutor.java:1142)
	at java.util.concurrent.ThreadPoolExecutor$Worker.run(ThreadPoolExecutor.java:617)
	at java.lang.Thread.run(Thread.java:745)
Caused by: org.springframework.beans.factory.BeanCreationException: Error creating bean with name 'userServiceImpl': Injection of resource dependencies failed; nested exception is org.springframework.beans.factory.NoSuchBeanDefinitionException: No qualifying bean of type [com.leezy.meet.dao.UserDao] found for dependency: expected at least 1 bean which qualifies as autowire candidate for this dependency. Dependency annotations: {@javax.annotation.Resource(shareable=true, lookup=, name=, description=, authenticationType=CONTAINER, type=class java.lang.Object, mappedName=)}
	at org.springframework.context.annotation.CommonAnnotationBeanPostProcessor.postProcessPropertyValues(CommonAnnotationBeanPostProcessor.java:311)
	at org.springframework.beans.factory.support.AbstractAutowireCapableBeanFactory.populateBean(AbstractAutowireCapableBeanFactory.java:1214)
	at org.springframework.beans.factory.support.AbstractAutowireCapableBeanFactory.doCreateBean(AbstractAutowireCapableBeanFactory.java:543)
	at org.springframework.beans.factory.support.AbstractAutowireCapableBeanFactory.createBean(AbstractAutowireCapableBeanFactory.java:482)
	at org.springframework.beans.factory.support.AbstractBeanFactory$1.getObject(AbstractBeanFactory.java:306)
	at org.springframework.beans.factory.support.DefaultSingletonBeanRegistry.getSingleton(DefaultSingletonBeanRegistry.java:230)
	at org.springframework.beans.factory.support.AbstractBeanFactory.doGetBean(AbstractBeanFactory.java:302)
	at org.springframework.beans.factory.support.AbstractBeanFactory.getBean(AbstractBeanFactory.java:197)
	at org.springframework.beans.factory.support.DefaultListableBeanFactory.findAutowireCandidates(DefaultListableBeanFactory.java:1192)
	at org.springframework.beans.factory.support.DefaultListableBeanFactory.doResolveDependency(DefaultListableBeanFactory.java:1116)
	at org.springframework.beans.factory.support.DefaultListableBeanFactory.resolveDependency(DefaultListableBeanFactory.java:1014)
	at org.springframework.context.annotation.CommonAnnotationBeanPostProcessor.autowireResource(CommonAnnotationBeanPostProcessor.java:508)
	at org.springframework.context.annotation.CommonAnnotationBeanPostProcessor.getResource(CommonAnnotationBeanPostProcessor.java:486)
	at org.springframework.context.annotation.CommonAnnotationBeanPostProcessor$ResourceElement.getResourceToInject(CommonAnnotationBeanPostProcessor.java:615)
	at org.springframework.beans.factory.annotation.InjectionMetadata$InjectedElement.inject(InjectionMetadata.java:169)
	at org.springframework.beans.factory.annotation.InjectionMetadata.inject(InjectionMetadata.java:88)
	at org.springframework.context.annotation.CommonAnnotationBeanPostProcessor.postProcessPropertyValues(CommonAnnotationBeanPostProcessor.java:308)
	... 22 more
Caused by: org.springframework.beans.factory.NoSuchBeanDefinitionException: No qualifying bean of type [com.leezy.meet.dao.UserDao] found for dependency: expected at least 1 bean which qualifies as autowire candidate for this dependency. Dependency annotations: {@javax.annotation.Resource(shareable=true, lookup=, name=, description=, authenticationType=CONTAINER, type=class java.lang.Object, mappedName=)}
	at org.springframework.beans.factory.support.DefaultListableBeanFactory.raiseNoSuchBeanDefinitionException(DefaultListableBeanFactory.java:1373)
	at org.springframework.beans.factory.support.DefaultListableBeanFactory.doResolveDependency(DefaultListableBeanFactory.java:1119)
	at org.springframework.beans.factory.support.DefaultListableBeanFactory.resolveDependency(DefaultListableBeanFactory.java:1014)
	at org.springframework.context.annotation.CommonAnnotationBeanPostProcessor.autowireResource(CommonAnnotationBeanPostProcessor.java:508)
	at org.springframework.context.annotation.CommonAnnotationBeanPostProcessor.getResource(CommonAnnotationBeanPostProcessor.java:486)
	at org.springframework.context.annotation.CommonAnnotationBeanPostProcessor$ResourceElement.getResourceToInject(CommonAnnotationBeanPostProcessor.java:615)
	at org.springframework.beans.factory.annotation.InjectionMetadata$InjectedElement.inject(InjectionMetadata.java:169)
	at org.springframework.beans.factory.annotation.InjectionMetadata.inject(InjectionMetadata.java:88)
	at org.springframework.context.annotation.CommonAnnotationBeanPostProcessor.postProcessPropertyValues(CommonAnnotationBeanPostProcessor.java:308)
	... 38 more
[INFO][localhost-startStop-1][2016-12-08 14:35:31][org.springframework.web.context.ContextLoader] - Root WebApplicationContext: initialization started
[INFO][localhost-startStop-1][2016-12-08 14:35:31][org.springframework.context.support.AbstractApplicationContext] - Refreshing Root WebApplicationContext: startup date [Thu Dec 08 14:35:31 CST 2016]; root of context hierarchy
[INFO][localhost-startStop-1][2016-12-08 14:35:31][org.springframework.beans.factory.xml.XmlBeanDefinitionReader] - Loading XML bean definitions from class path resource [spring-mybatis.xml]
[INFO][localhost-startStop-1][2016-12-08 14:35:31][org.springframework.core.io.support.PropertiesLoaderSupport] - Loading properties file from class path resource [jdbc.properties]
[INFO][localhost-startStop-1][2016-12-08 14:35:31][org.springframework.beans.factory.annotation.AutowiredAnnotationBeanPostProcessor] - JSR-330 'javax.inject.Inject' annotation found and supported for autowiring
[INFO][localhost-startStop-1][2016-12-08 14:35:31][org.springframework.web.context.ContextLoader] - Root WebApplicationContext: initialization completed in 619 ms
[INFO][localhost-startStop-1][2016-12-08 14:35:31][org.springframework.web.servlet.FrameworkServlet] - FrameworkServlet 'SpringMVC': initialization started
[INFO][localhost-startStop-1][2016-12-08 14:35:31][org.springframework.context.support.AbstractApplicationContext] - Refreshing WebApplicationContext for namespace 'SpringMVC-servlet': startup date [Thu Dec 08 14:35:31 CST 2016]; parent: Root WebApplicationContext
[INFO][localhost-startStop-1][2016-12-08 14:35:31][org.springframework.beans.factory.xml.XmlBeanDefinitionReader] - Loading XML bean definitions from class path resource [spring-mvc.xml]
[INFO][localhost-startStop-1][2016-12-08 14:35:31][org.springframework.beans.factory.annotation.AutowiredAnnotationBeanPostProcessor] - JSR-330 'javax.inject.Inject' annotation found and supported for autowiring
[INFO][localhost-startStop-1][2016-12-08 14:35:32][org.springframework.web.servlet.handler.AbstractUrlHandlerMapping] - Mapped URL path [/user/showUser] onto handler 'userController'
[INFO][localhost-startStop-1][2016-12-08 14:35:32][org.springframework.web.servlet.handler.AbstractUrlHandlerMapping] - Mapped URL path [/user/showUser.*] onto handler 'userController'
[INFO][localhost-startStop-1][2016-12-08 14:35:32][org.springframework.web.servlet.handler.AbstractUrlHandlerMapping] - Mapped URL path [/user/showUser/] onto handler 'userController'
[INFO][localhost-startStop-1][2016-12-08 14:35:32][org.springframework.web.servlet.FrameworkServlet] - FrameworkServlet 'SpringMVC': initialization completed in 434 ms
[WARN][http-bio-9090-exec-1][2016-12-08 14:35:58][org.springframework.web.servlet.DispatcherServlet] - No mapping found for HTTP request with URI [/user/showuser] in DispatcherServlet with name 'SpringMVC'
[INFO][http-bio-9090-exec-4][2016-12-08 14:36:04][com.leezy.meet.controller.UserController] - 查询所有用户信息
[INFO][localhost-startStop-1][2016-12-08 14:40:13][org.springframework.web.context.ContextLoader] - Root WebApplicationContext: initialization started
[INFO][localhost-startStop-1][2016-12-08 14:40:13][org.springframework.context.support.AbstractApplicationContext] - Refreshing Root WebApplicationContext: startup date [Thu Dec 08 14:40:13 CST 2016]; root of context hierarchy
[INFO][localhost-startStop-1][2016-12-08 14:40:14][org.springframework.beans.factory.xml.XmlBeanDefinitionReader] - Loading XML bean definitions from class path resource [spring-mybatis.xml]
[INFO][localhost-startStop-1][2016-12-08 14:40:14][org.springframework.core.io.support.PropertiesLoaderSupport] - Loading properties file from class path resource [jdbc.properties]
[INFO][localhost-startStop-1][2016-12-08 14:40:14][org.springframework.beans.factory.annotation.AutowiredAnnotationBeanPostProcessor] - JSR-330 'javax.inject.Inject' annotation found and supported for autowiring
[INFO][localhost-startStop-1][2016-12-08 14:40:14][org.springframework.web.context.ContextLoader] - Root WebApplicationContext: initialization completed in 578 ms
[INFO][localhost-startStop-1][2016-12-08 14:40:14][org.springframework.web.servlet.FrameworkServlet] - FrameworkServlet 'SpringMVC': initialization started
[INFO][localhost-startStop-1][2016-12-08 14:40:14][org.springframework.context.support.AbstractApplicationContext] - Refreshing WebApplicationContext for namespace 'SpringMVC-servlet': startup date [Thu Dec 08 14:40:14 CST 2016]; parent: Root WebApplicationContext
[INFO][localhost-startStop-1][2016-12-08 14:40:14][org.springframework.beans.factory.xml.XmlBeanDefinitionReader] - Loading XML bean definitions from class path resource [spring-mvc.xml]
[INFO][localhost-startStop-1][2016-12-08 14:40:14][org.springframework.beans.factory.annotation.AutowiredAnnotationBeanPostProcessor] - JSR-330 'javax.inject.Inject' annotation found and supported for autowiring
[INFO][localhost-startStop-1][2016-12-08 14:40:14][org.springframework.web.servlet.handler.AbstractUrlHandlerMapping] - Mapped URL path [/user/showUser] onto handler 'userController'
[INFO][localhost-startStop-1][2016-12-08 14:40:14][org.springframework.web.servlet.handler.AbstractUrlHandlerMapping] - Mapped URL path [/user/showUser.*] onto handler 'userController'
[INFO][localhost-startStop-1][2016-12-08 14:40:14][org.springframework.web.servlet.handler.AbstractUrlHandlerMapping] - Mapped URL path [/user/showUser/] onto handler 'userController'
[INFO][localhost-startStop-1][2016-12-08 14:40:14][org.springframework.web.servlet.FrameworkServlet] - FrameworkServlet 'SpringMVC': initialization completed in 411 ms
[INFO][http-bio-9090-exec-2][2016-12-08 14:40:26][com.leezy.meet.controller.UserController] - 查询所有用户信息
[INFO][localhost-startStop-1][2016-12-08 16:17:28][org.springframework.web.context.ContextLoader] - Root WebApplicationContext: initialization started
[INFO][localhost-startStop-1][2016-12-08 16:17:28][org.springframework.context.support.AbstractApplicationContext] - Refreshing Root WebApplicationContext: startup date [Thu Dec 08 16:17:28 CST 2016]; root of context hierarchy
[INFO][localhost-startStop-1][2016-12-08 16:17:28][org.springframework.beans.factory.xml.XmlBeanDefinitionReader] - Loading XML bean definitions from class path resource [spring-mybatis.xml]
[INFO][localhost-startStop-1][2016-12-08 16:17:28][org.springframework.core.io.support.PropertiesLoaderSupport] - Loading properties file from class path resource [jdbc.properties]
[INFO][localhost-startStop-1][2016-12-08 16:17:28][org.springframework.beans.factory.annotation.AutowiredAnnotationBeanPostProcessor] - JSR-330 'javax.inject.Inject' annotation found and supported for autowiring
[INFO][localhost-startStop-1][2016-12-08 16:17:29][org.springframework.web.context.ContextLoader] - Root WebApplicationContext: initialization completed in 605 ms
[INFO][localhost-startStop-1][2016-12-08 16:17:29][org.springframework.web.servlet.FrameworkServlet] - FrameworkServlet 'SpringMVC': initialization started
[INFO][localhost-startStop-1][2016-12-08 16:17:29][org.springframework.context.support.AbstractApplicationContext] - Refreshing WebApplicationContext for namespace 'SpringMVC-servlet': startup date [Thu Dec 08 16:17:29 CST 2016]; parent: Root WebApplicationContext
[INFO][localhost-startStop-1][2016-12-08 16:17:29][org.springframework.beans.factory.xml.XmlBeanDefinitionReader] - Loading XML bean definitions from class path resource [spring-mvc.xml]
[INFO][localhost-startStop-1][2016-12-08 16:17:29][org.springframework.beans.factory.annotation.AutowiredAnnotationBeanPostProcessor] - JSR-330 'javax.inject.Inject' annotation found and supported for autowiring
[INFO][localhost-startStop-1][2016-12-08 16:17:29][org.springframework.web.servlet.handler.AbstractUrlHandlerMapping] - Mapped URL path [/user/showUser] onto handler 'userController'
[INFO][localhost-startStop-1][2016-12-08 16:17:29][org.springframework.web.servlet.handler.AbstractUrlHandlerMapping] - Mapped URL path [/user/showUser.*] onto handler 'userController'
[INFO][localhost-startStop-1][2016-12-08 16:17:29][org.springframework.web.servlet.handler.AbstractUrlHandlerMapping] - Mapped URL path [/user/showUser/] onto handler 'userController'
[INFO][localhost-startStop-1][2016-12-08 16:17:29][org.springframework.web.servlet.FrameworkServlet] - FrameworkServlet 'SpringMVC': initialization completed in 439 ms
[WARN][http-bio-9090-exec-2][2016-12-08 16:17:43][org.springframework.web.servlet.DispatcherServlet] - No mapping found for HTTP request with URI [/js/jquery-1.9.0.min.js] in DispatcherServlet with name 'SpringMVC'
[WARN][http-bio-9090-exec-3][2016-12-08 16:17:43][org.springframework.web.servlet.DispatcherServlet] - No mapping found for HTTP request with URI [/css/login2.css] in DispatcherServlet with name 'SpringMVC'
[WARN][http-bio-9090-exec-4][2016-12-08 16:17:43][org.springframework.web.servlet.DispatcherServlet] - No mapping found for HTTP request with URI [/images/login.js] in DispatcherServlet with name 'SpringMVC'
[WARN][http-bio-9090-exec-7][2016-12-08 16:17:43][org.springframework.web.servlet.DispatcherServlet] - No mapping found for HTTP request with URI [/css/login2.css] in DispatcherServlet with name 'SpringMVC'
[INFO][localhost-startStop-1][2016-12-08 16:20:02][org.springframework.web.context.ContextLoader] - Root WebApplicationContext: initialization started
[INFO][localhost-startStop-1][2016-12-08 16:20:02][org.springframework.context.support.AbstractApplicationContext] - Refreshing Root WebApplicationContext: startup date [Thu Dec 08 16:20:02 CST 2016]; root of context hierarchy
[INFO][localhost-startStop-1][2016-12-08 16:20:02][org.springframework.beans.factory.xml.XmlBeanDefinitionReader] - Loading XML bean definitions from class path resource [spring-mybatis.xml]
[INFO][localhost-startStop-1][2016-12-08 16:20:03][org.springframework.core.io.support.PropertiesLoaderSupport] - Loading properties file from class path resource [jdbc.properties]
[INFO][localhost-startStop-1][2016-12-08 16:20:03][org.springframework.beans.factory.annotation.AutowiredAnnotationBeanPostProcessor] - JSR-330 'javax.inject.Inject' annotation found and supported for autowiring
[INFO][localhost-startStop-1][2016-12-08 16:20:03][org.springframework.web.context.ContextLoader] - Root WebApplicationContext: initialization completed in 627 ms
[INFO][localhost-startStop-1][2016-12-08 16:20:03][org.springframework.web.servlet.FrameworkServlet] - FrameworkServlet 'SpringMVC': initialization started
[INFO][localhost-startStop-1][2016-12-08 16:20:03][org.springframework.context.support.AbstractApplicationContext] - Refreshing WebApplicationContext for namespace 'SpringMVC-servlet': startup date [Thu Dec 08 16:20:03 CST 2016]; parent: Root WebApplicationContext
[INFO][localhost-startStop-1][2016-12-08 16:20:03][org.springframework.beans.factory.xml.XmlBeanDefinitionReader] - Loading XML bean definitions from class path resource [spring-mvc.xml]
[INFO][localhost-startStop-1][2016-12-08 16:20:03][org.springframework.beans.factory.annotation.AutowiredAnnotationBeanPostProcessor] - JSR-330 'javax.inject.Inject' annotation found and supported for autowiring
[INFO][localhost-startStop-1][2016-12-08 16:20:03][org.springframework.web.servlet.handler.AbstractUrlHandlerMapping] - Mapped URL path [/user/showUser] onto handler 'userController'
[INFO][localhost-startStop-1][2016-12-08 16:20:03][org.springframework.web.servlet.handler.AbstractUrlHandlerMapping] - Mapped URL path [/user/showUser.*] onto handler 'userController'
[INFO][localhost-startStop-1][2016-12-08 16:20:03][org.springframework.web.servlet.handler.AbstractUrlHandlerMapping] - Mapped URL path [/user/showUser/] onto handler 'userController'
[INFO][localhost-startStop-1][2016-12-08 16:20:03][org.springframework.web.servlet.FrameworkServlet] - FrameworkServlet 'SpringMVC': initialization completed in 457 ms
[WARN][http-bio-9090-exec-6][2016-12-08 16:20:11][org.springframework.web.servlet.DispatcherServlet] - No mapping found for HTTP request with URI [/css/login2.css] in DispatcherServlet with name 'SpringMVC'
[WARN][http-bio-9090-exec-7][2016-12-08 16:20:20][org.springframework.web.servlet.DispatcherServlet] - No mapping found for HTTP request with URI [/css/login2.css] in DispatcherServlet with name 'SpringMVC'
[WARN][http-bio-9090-exec-9][2016-12-08 16:23:51][org.springframework.web.servlet.DispatcherServlet] - No mapping found for HTTP request with URI [/js/images/login.js] in DispatcherServlet with name 'SpringMVC'
[WARN][http-bio-9090-exec-9][2016-12-08 16:24:04][org.springframework.web.servlet.DispatcherServlet] - No mapping found for HTTP request with URI [/js/images] in DispatcherServlet with name 'SpringMVC'
[WARN][http-bio-9090-exec-9][2016-12-08 16:24:10][org.springframework.web.servlet.DispatcherServlet] - No mapping found for HTTP request with URI [/images] in DispatcherServlet with name 'SpringMVC'
[WARN][http-bio-9090-exec-2][2016-12-08 16:24:18][org.springframework.web.servlet.DispatcherServlet] - No mapping found for HTTP request with URI [/css/login2.css] in DispatcherServlet with name 'SpringMVC'
[INFO][localhost-startStop-1][2016-12-08 16:28:41][org.springframework.web.context.ContextLoader] - Root WebApplicationContext: initialization started
[INFO][localhost-startStop-1][2016-12-08 16:28:41][org.springframework.context.support.AbstractApplicationContext] - Refreshing Root WebApplicationContext: startup date [Thu Dec 08 16:28:41 CST 2016]; root of context hierarchy
[INFO][localhost-startStop-1][2016-12-08 16:28:41][org.springframework.beans.factory.xml.XmlBeanDefinitionReader] - Loading XML bean definitions from class path resource [spring-mybatis.xml]
[INFO][localhost-startStop-1][2016-12-08 16:28:41][org.springframework.core.io.support.PropertiesLoaderSupport] - Loading properties file from class path resource [jdbc.properties]
[INFO][localhost-startStop-1][2016-12-08 16:28:41][org.springframework.beans.factory.annotation.AutowiredAnnotationBeanPostProcessor] - JSR-330 'javax.inject.Inject' annotation found and supported for autowiring
[INFO][localhost-startStop-1][2016-12-08 16:28:41][org.springframework.web.context.ContextLoader] - Root WebApplicationContext: initialization completed in 561 ms
[INFO][localhost-startStop-1][2016-12-08 16:28:41][org.springframework.web.servlet.FrameworkServlet] - FrameworkServlet 'SpringMVC': initialization started
[INFO][localhost-startStop-1][2016-12-08 16:28:41][org.springframework.context.support.AbstractApplicationContext] - Refreshing WebApplicationContext for namespace 'SpringMVC-servlet': startup date [Thu Dec 08 16:28:41 CST 2016]; parent: Root WebApplicationContext
[INFO][localhost-startStop-1][2016-12-08 16:28:41][org.springframework.beans.factory.xml.XmlBeanDefinitionReader] - Loading XML bean definitions from class path resource [spring-mvc.xml]
[INFO][localhost-startStop-1][2016-12-08 16:28:41][org.springframework.beans.factory.annotation.AutowiredAnnotationBeanPostProcessor] - JSR-330 'javax.inject.Inject' annotation found and supported for autowiring
[INFO][localhost-startStop-1][2016-12-08 16:28:42][org.springframework.web.servlet.handler.AbstractUrlHandlerMapping] - Mapped URL path [/user/showUser] onto handler 'userController'
[INFO][localhost-startStop-1][2016-12-08 16:28:42][org.springframework.web.servlet.handler.AbstractUrlHandlerMapping] - Mapped URL path [/user/showUser.*] onto handler 'userController'
[INFO][localhost-startStop-1][2016-12-08 16:28:42][org.springframework.web.servlet.handler.AbstractUrlHandlerMapping] - Mapped URL path [/user/showUser/] onto handler 'userController'
[INFO][localhost-startStop-1][2016-12-08 16:28:42][org.springframework.web.servlet.FrameworkServlet] - FrameworkServlet 'SpringMVC': initialization completed in 434 ms
[WARN][http-bio-9090-exec-4][2016-12-08 16:28:51][org.springframework.web.servlet.DispatcherServlet] - No mapping found for HTTP request with URI [/images/login.js] in DispatcherServlet with name 'SpringMVC'
[WARN][http-bio-9090-exec-3][2016-12-08 16:28:51][org.springframework.web.servlet.DispatcherServlet] - No mapping found for HTTP request with URI [/css/login2.css] in DispatcherServlet with name 'SpringMVC'
[WARN][http-bio-9090-exec-2][2016-12-08 16:28:51][org.springframework.web.servlet.DispatcherServlet] - No mapping found for HTTP request with URI [/js/jquery-1.9.0.min.js] in DispatcherServlet with name 'SpringMVC'
[WARN][http-bio-9090-exec-7][2016-12-08 16:28:51][org.springframework.web.servlet.DispatcherServlet] - No mapping found for HTTP request with URI [/images/login.js] in DispatcherServlet with name 'SpringMVC'
[WARN][http-bio-9090-exec-8][2016-12-08 16:28:51][org.springframework.web.servlet.DispatcherServlet] - No mapping found for HTTP request with URI [/css/login2.css] in DispatcherServlet with name 'SpringMVC'
[INFO][localhost-startStop-1][2016-12-08 16:33:52][org.springframework.web.context.ContextLoader] - Root WebApplicationContext: initialization started
[INFO][localhost-startStop-1][2016-12-08 16:33:52][org.springframework.context.support.AbstractApplicationContext] - Refreshing Root WebApplicationContext: startup date [Thu Dec 08 16:33:52 CST 2016]; root of context hierarchy
[INFO][localhost-startStop-1][2016-12-08 16:33:52][org.springframework.beans.factory.xml.XmlBeanDefinitionReader] - Loading XML bean definitions from class path resource [spring-mybatis.xml]
[INFO][localhost-startStop-1][2016-12-08 16:33:52][org.springframework.core.io.support.PropertiesLoaderSupport] - Loading properties file from class path resource [jdbc.properties]
[INFO][localhost-startStop-1][2016-12-08 16:33:52][org.springframework.beans.factory.annotation.AutowiredAnnotationBeanPostProcessor] - JSR-330 'javax.inject.Inject' annotation found and supported for autowiring
[INFO][localhost-startStop-1][2016-12-08 16:33:52][org.springframework.web.context.ContextLoader] - Root WebApplicationContext: initialization completed in 635 ms
[INFO][localhost-startStop-1][2016-12-08 16:33:52][org.springframework.web.servlet.FrameworkServlet] - FrameworkServlet 'SpringMVC': initialization started
[INFO][localhost-startStop-1][2016-12-08 16:33:52][org.springframework.context.support.AbstractApplicationContext] - Refreshing WebApplicationContext for namespace 'SpringMVC-servlet': startup date [Thu Dec 08 16:33:52 CST 2016]; parent: Root WebApplicationContext
[INFO][localhost-startStop-1][2016-12-08 16:33:52][org.springframework.beans.factory.xml.XmlBeanDefinitionReader] - Loading XML bean definitions from class path resource [spring-mvc.xml]
[INFO][localhost-startStop-1][2016-12-08 16:33:52][org.springframework.beans.factory.annotation.AutowiredAnnotationBeanPostProcessor] - JSR-330 'javax.inject.Inject' annotation found and supported for autowiring
[INFO][localhost-startStop-1][2016-12-08 16:33:53][org.springframework.web.servlet.handler.AbstractUrlHandlerMapping] - Mapped URL path [/user/showUser] onto handler 'userController'
[INFO][localhost-startStop-1][2016-12-08 16:33:53][org.springframework.web.servlet.handler.AbstractUrlHandlerMapping] - Mapped URL path [/user/showUser.*] onto handler 'userController'
[INFO][localhost-startStop-1][2016-12-08 16:33:53][org.springframework.web.servlet.handler.AbstractUrlHandlerMapping] - Mapped URL path [/user/showUser/] onto handler 'userController'
[INFO][localhost-startStop-1][2016-12-08 16:33:53][org.springframework.web.servlet.FrameworkServlet] - FrameworkServlet 'SpringMVC': initialization completed in 426 ms
[WARN][http-bio-9090-exec-3][2016-12-08 16:34:07][org.springframework.web.servlet.DispatcherServlet] - No mapping found for HTTP request with URI [/static/images/login.js] in DispatcherServlet with name 'SpringMVC'
[WARN][http-bio-9090-exec-4][2016-12-08 16:34:07][org.springframework.web.servlet.DispatcherServlet] - No mapping found for HTTP request with URI [/css/login2.css] in DispatcherServlet with name 'SpringMVC'
[WARN][http-bio-9090-exec-2][2016-12-08 16:34:07][org.springframework.web.servlet.DispatcherServlet] - No mapping found for HTTP request with URI [/static/js/jquery-1.9.0.min.js] in DispatcherServlet with name 'SpringMVC'
[WARN][http-bio-9090-exec-7][2016-12-08 16:34:07][org.springframework.web.servlet.DispatcherServlet] - No mapping found for HTTP request with URI [/static/images/login.js] in DispatcherServlet with name 'SpringMVC'
[WARN][http-bio-9090-exec-8][2016-12-08 16:34:07][org.springframework.web.servlet.DispatcherServlet] - No mapping found for HTTP request with URI [/css/login2.css] in DispatcherServlet with name 'SpringMVC'
[WARN][http-bio-9090-exec-10][2016-12-08 16:34:08][org.springframework.web.servlet.DispatcherServlet] - No mapping found for HTTP request with URI [/static/js/jquery-1.9.0.min.js] in DispatcherServlet with name 'SpringMVC'
[WARN][http-bio-9090-exec-6][2016-12-08 16:34:08][org.springframework.web.servlet.DispatcherServlet] - No mapping found for HTTP request with URI [/static/images/login.js] in DispatcherServlet with name 'SpringMVC'
[WARN][http-bio-9090-exec-5][2016-12-08 16:34:08][org.springframework.web.servlet.DispatcherServlet] - No mapping found for HTTP request with URI [/css/login2.css] in DispatcherServlet with name 'SpringMVC'
[WARN][http-bio-9090-exec-2][2016-12-08 16:34:10][org.springframework.web.servlet.DispatcherServlet] - No mapping found for HTTP request with URI [/static/js/jquery-1.9.0.min.js] in DispatcherServlet with name 'SpringMVC'
[WARN][http-bio-9090-exec-10][2016-12-08 16:34:10][org.springframework.web.servlet.DispatcherServlet] - No mapping found for HTTP request with URI [/css/login2.css] in DispatcherServlet with name 'SpringMVC'
[WARN][http-bio-9090-exec-6][2016-12-08 16:34:10][org.springframework.web.servlet.DispatcherServlet] - No mapping found for HTTP request with URI [/static/images/login.js] in DispatcherServlet with name 'SpringMVC'
[WARN][http-bio-9090-exec-6][2016-12-08 16:34:10][org.springframework.web.servlet.DispatcherServlet] - No mapping found for HTTP request with URI [/css/login2.css] in DispatcherServlet with name 'SpringMVC'
[WARN][http-bio-9090-exec-1][2016-12-08 16:34:10][org.springframework.web.servlet.DispatcherServlet] - No mapping found for HTTP request with URI [/static/js/jquery-1.9.0.min.js] in DispatcherServlet with name 'SpringMVC'
[WARN][http-bio-9090-exec-2][2016-12-08 16:34:10][org.springframework.web.servlet.DispatcherServlet] - No mapping found for HTTP request with URI [/css/login2.css] in DispatcherServlet with name 'SpringMVC'
[WARN][http-bio-9090-exec-8][2016-12-08 16:34:10][org.springframework.web.servlet.DispatcherServlet] - No mapping found for HTTP request with URI [/static/images/login.js] in DispatcherServlet with name 'SpringMVC'
[WARN][http-bio-9090-exec-8][2016-12-08 16:34:10][org.springframework.web.servlet.DispatcherServlet] - No mapping found for HTTP request with URI [/css/login2.css] in DispatcherServlet with name 'SpringMVC'
[WARN][http-bio-9090-exec-4][2016-12-08 16:34:11][org.springframework.web.servlet.DispatcherServlet] - No mapping found for HTTP request with URI [/static/images/login.js] in DispatcherServlet with name 'SpringMVC'
[WARN][http-bio-9090-exec-1][2016-12-08 16:34:11][org.springframework.web.servlet.DispatcherServlet] - No mapping found for HTTP request with URI [/css/login2.css] in DispatcherServlet with name 'SpringMVC'
[WARN][http-bio-9090-exec-10][2016-12-08 16:34:11][org.springframework.web.servlet.DispatcherServlet] - No mapping found for HTTP request with URI [/static/js/jquery-1.9.0.min.js] in DispatcherServlet with name 'SpringMVC'
[WARN][http-bio-9090-exec-10][2016-12-08 16:34:11][org.springframework.web.servlet.DispatcherServlet] - No mapping found for HTTP request with URI [/static/images/login.js] in DispatcherServlet with name 'SpringMVC'
[WARN][http-bio-9090-exec-10][2016-12-08 16:34:11][org.springframework.web.servlet.DispatcherServlet] - No mapping found for HTTP request with URI [/css/login2.css] in DispatcherServlet with name 'SpringMVC'
[WARN][http-bio-9090-exec-1][2016-12-08 16:34:12][org.springframework.web.servlet.DispatcherServlet] - No mapping found for HTTP request with URI [/static/images/login.js] in DispatcherServlet with name 'SpringMVC'
[WARN][http-bio-9090-exec-4][2016-12-08 16:34:12][org.springframework.web.servlet.DispatcherServlet] - No mapping found for HTTP request with URI [/css/login2.css] in DispatcherServlet with name 'SpringMVC'
[WARN][http-bio-9090-exec-10][2016-12-08 16:34:12][org.springframework.web.servlet.DispatcherServlet] - No mapping found for HTTP request with URI [/static/js/jquery-1.9.0.min.js] in DispatcherServlet with name 'SpringMVC'
[WARN][http-bio-9090-exec-10][2016-12-08 16:34:12][org.springframework.web.servlet.DispatcherServlet] - No mapping found for HTTP request with URI [/static/images/login.js] in DispatcherServlet with name 'SpringMVC'
[WARN][http-bio-9090-exec-10][2016-12-08 16:34:12][org.springframework.web.servlet.DispatcherServlet] - No mapping found for HTTP request with URI [/css/login2.css] in DispatcherServlet with name 'SpringMVC'
[WARN][http-bio-9090-exec-10][2016-12-08 16:34:12][org.springframework.web.servlet.DispatcherServlet] - No mapping found for HTTP request with URI [/static/js/jquery-1.9.0.min.js] in DispatcherServlet with name 'SpringMVC'
[WARN][http-bio-9090-exec-1][2016-12-08 16:34:12][org.springframework.web.servlet.DispatcherServlet] - No mapping found for HTTP request with URI [/css/login2.css] in DispatcherServlet with name 'SpringMVC'
[WARN][http-bio-9090-exec-4][2016-12-08 16:34:12][org.springframework.web.servlet.DispatcherServlet] - No mapping found for HTTP request with URI [/static/images/login.js] in DispatcherServlet with name 'SpringMVC'
[WARN][http-bio-9090-exec-6][2016-12-08 16:34:12][org.springframework.web.servlet.DispatcherServlet] - No mapping found for HTTP request with URI [/css/login2.css] in DispatcherServlet with name 'SpringMVC'
[WARN][http-bio-9090-exec-6][2016-12-08 16:34:12][org.springframework.web.servlet.DispatcherServlet] - No mapping found for HTTP request with URI [/static/js/jquery-1.9.0.min.js] in DispatcherServlet with name 'SpringMVC'
[WARN][http-bio-9090-exec-8][2016-12-08 16:34:12][org.springframework.web.servlet.DispatcherServlet] - No mapping found for HTTP request with URI [/css/login2.css] in DispatcherServlet with name 'SpringMVC'
[WARN][http-bio-9090-exec-1][2016-12-08 16:34:12][org.springframework.web.servlet.DispatcherServlet] - No mapping found for HTTP request with URI [/static/images/login.js] in DispatcherServlet with name 'SpringMVC'
[WARN][http-bio-9090-exec-1][2016-12-08 16:34:12][org.springframework.web.servlet.DispatcherServlet] - No mapping found for HTTP request with URI [/css/login2.css] in DispatcherServlet with name 'SpringMVC'
[WARN][http-bio-9090-exec-4][2016-12-08 16:36:43][org.springframework.web.servlet.DispatcherServlet] - No mapping found for HTTP request with URI [/index.html] in DispatcherServlet with name 'SpringMVC'
[WARN][http-bio-9090-exec-8][2016-12-08 16:36:58][org.springframework.web.servlet.DispatcherServlet] - No mapping found for HTTP request with URI [/static/images/login.js] in DispatcherServlet with name 'SpringMVC'
[WARN][http-bio-9090-exec-6][2016-12-08 16:36:58][org.springframework.web.servlet.DispatcherServlet] - No mapping found for HTTP request with URI [/static/css/login2.css] in DispatcherServlet with name 'SpringMVC'
[WARN][http-bio-9090-exec-2][2016-12-08 16:36:58][org.springframework.web.servlet.DispatcherServlet] - No mapping found for HTTP request with URI [/static/js/jquery-1.9.0.min.js] in DispatcherServlet with name 'SpringMVC'
[WARN][http-bio-9090-exec-2][2016-12-08 16:36:58][org.springframework.web.servlet.DispatcherServlet] - No mapping found for HTTP request with URI [/static/images/login.js] in DispatcherServlet with name 'SpringMVC'
[WARN][http-bio-9090-exec-4][2016-12-08 16:36:58][org.springframework.web.servlet.DispatcherServlet] - No mapping found for HTTP request with URI [/static/css/login2.css] in DispatcherServlet with name 'SpringMVC'
[WARN][http-bio-9090-exec-8][2016-12-08 16:37:19][org.springframework.web.servlet.DispatcherServlet] - No mapping found for HTTP request with URI [/static/css/login2.css] in DispatcherServlet with name 'SpringMVC'
[INFO][localhost-startStop-1][2016-12-08 16:37:59][org.springframework.web.context.ContextLoader] - Root WebApplicationContext: initialization started
[INFO][localhost-startStop-1][2016-12-08 16:37:59][org.springframework.context.support.AbstractApplicationContext] - Refreshing Root WebApplicationContext: startup date [Thu Dec 08 16:37:59 CST 2016]; root of context hierarchy
[INFO][localhost-startStop-1][2016-12-08 16:37:59][org.springframework.beans.factory.xml.XmlBeanDefinitionReader] - Loading XML bean definitions from class path resource [spring-mybatis.xml]
[INFO][localhost-startStop-1][2016-12-08 16:37:59][org.springframework.core.io.support.PropertiesLoaderSupport] - Loading properties file from class path resource [jdbc.properties]
[INFO][localhost-startStop-1][2016-12-08 16:37:59][org.springframework.beans.factory.annotation.AutowiredAnnotationBeanPostProcessor] - JSR-330 'javax.inject.Inject' annotation found and supported for autowiring
[INFO][localhost-startStop-1][2016-12-08 16:37:59][org.springframework.web.context.ContextLoader] - Root WebApplicationContext: initialization completed in 607 ms
[INFO][localhost-startStop-1][2016-12-08 16:37:59][org.springframework.web.servlet.FrameworkServlet] - FrameworkServlet 'SpringMVC': initialization started
[INFO][localhost-startStop-1][2016-12-08 16:37:59][org.springframework.context.support.AbstractApplicationContext] - Refreshing WebApplicationContext for namespace 'SpringMVC-servlet': startup date [Thu Dec 08 16:37:59 CST 2016]; parent: Root WebApplicationContext
[INFO][localhost-startStop-1][2016-12-08 16:37:59][org.springframework.beans.factory.xml.XmlBeanDefinitionReader] - Loading XML bean definitions from class path resource [spring-mvc.xml]
[INFO][localhost-startStop-1][2016-12-08 16:37:59][org.springframework.beans.factory.annotation.AutowiredAnnotationBeanPostProcessor] - JSR-330 'javax.inject.Inject' annotation found and supported for autowiring
[INFO][localhost-startStop-1][2016-12-08 16:38:00][org.springframework.web.servlet.handler.AbstractUrlHandlerMapping] - Mapped URL path [/user/showUser] onto handler 'userController'
[INFO][localhost-startStop-1][2016-12-08 16:38:00][org.springframework.web.servlet.handler.AbstractUrlHandlerMapping] - Mapped URL path [/user/showUser.*] onto handler 'userController'
[INFO][localhost-startStop-1][2016-12-08 16:38:00][org.springframework.web.servlet.handler.AbstractUrlHandlerMapping] - Mapped URL path [/user/showUser/] onto handler 'userController'
[INFO][localhost-startStop-1][2016-12-08 16:38:00][org.springframework.web.servlet.FrameworkServlet] - FrameworkServlet 'SpringMVC': initialization completed in 443 ms
[WARN][http-bio-9090-exec-8][2016-12-08 16:38:17][org.springframework.web.servlet.DispatcherServlet] - No mapping found for HTTP request with URI [/static/images/login.js] in DispatcherServlet with name 'SpringMVC'
[WARN][http-bio-9090-exec-7][2016-12-08 16:38:17][org.springframework.web.servlet.DispatcherServlet] - No mapping found for HTTP request with URI [/static/js/jquery-1.9.0.min.js] in DispatcherServlet with name 'SpringMVC'
[WARN][http-bio-9090-exec-9][2016-12-08 16:38:17][org.springframework.web.servlet.DispatcherServlet] - No mapping found for HTTP request with URI [/static/css/login2.css] in DispatcherServlet with name 'SpringMVC'
[WARN][http-bio-9090-exec-2][2016-12-08 16:38:17][org.springframework.web.servlet.DispatcherServlet] - No mapping found for HTTP request with URI [/static/images/login.js] in DispatcherServlet with name 'SpringMVC'
[WARN][http-bio-9090-exec-4][2016-12-08 16:38:17][org.springframework.web.servlet.DispatcherServlet] - No mapping found for HTTP request with URI [/static/css/login2.css] in DispatcherServlet with name 'SpringMVC'
[INFO][localhost-startStop-1][2016-12-08 16:39:58][org.springframework.web.context.ContextLoader] - Root WebApplicationContext: initialization started
[INFO][localhost-startStop-1][2016-12-08 16:39:58][org.springframework.context.support.AbstractApplicationContext] - Refreshing Root WebApplicationContext: startup date [Thu Dec 08 16:39:58 CST 2016]; root of context hierarchy
[INFO][localhost-startStop-1][2016-12-08 16:39:58][org.springframework.beans.factory.xml.XmlBeanDefinitionReader] - Loading XML bean definitions from class path resource [spring-mybatis.xml]
[INFO][localhost-startStop-1][2016-12-08 16:39:58][org.springframework.core.io.support.PropertiesLoaderSupport] - Loading properties file from class path resource [jdbc.properties]
[INFO][localhost-startStop-1][2016-12-08 16:39:58][org.springframework.beans.factory.annotation.AutowiredAnnotationBeanPostProcessor] - JSR-330 'javax.inject.Inject' annotation found and supported for autowiring
[INFO][localhost-startStop-1][2016-12-08 16:39:58][org.springframework.web.context.ContextLoader] - Root WebApplicationContext: initialization completed in 632 ms
[INFO][localhost-startStop-1][2016-12-08 16:39:58][org.springframework.web.servlet.FrameworkServlet] - FrameworkServlet 'SpringMVC': initialization started
[INFO][localhost-startStop-1][2016-12-08 16:39:58][org.springframework.context.support.AbstractApplicationContext] - Refreshing WebApplicationContext for namespace 'SpringMVC-servlet': startup date [Thu Dec 08 16:39:58 CST 2016]; parent: Root WebApplicationContext
[INFO][localhost-startStop-1][2016-12-08 16:39:58][org.springframework.beans.factory.xml.XmlBeanDefinitionReader] - Loading XML bean definitions from class path resource [spring-mvc.xml]
[INFO][localhost-startStop-1][2016-12-08 16:39:58][org.springframework.beans.factory.annotation.AutowiredAnnotationBeanPostProcessor] - JSR-330 'javax.inject.Inject' annotation found and supported for autowiring
[INFO][localhost-startStop-1][2016-12-08 16:39:59][org.springframework.web.servlet.handler.AbstractUrlHandlerMapping] - Mapped URL path [/user/showUser] onto handler 'userController'
[INFO][localhost-startStop-1][2016-12-08 16:39:59][org.springframework.web.servlet.handler.AbstractUrlHandlerMapping] - Mapped URL path [/user/showUser.*] onto handler 'userController'
[INFO][localhost-startStop-1][2016-12-08 16:39:59][org.springframework.web.servlet.handler.AbstractUrlHandlerMapping] - Mapped URL path [/user/showUser/] onto handler 'userController'
[INFO][localhost-startStop-1][2016-12-08 16:39:59][org.springframework.web.servlet.FrameworkServlet] - FrameworkServlet 'SpringMVC': initialization completed in 415 ms
[WARN][http-bio-9090-exec-7][2016-12-08 16:40:07][org.springframework.web.servlet.DispatcherServlet] - No mapping found for HTTP request with URI [/static/js/jquery-1.9.0.min.js] in DispatcherServlet with name 'SpringMVC'
[WARN][http-bio-9090-exec-3][2016-12-08 16:40:07][org.springframework.web.servlet.DispatcherServlet] - No mapping found for HTTP request with URI [/static/css/login2.css] in DispatcherServlet with name 'SpringMVC'
[WARN][http-bio-9090-exec-2][2016-12-08 16:40:07][org.springframework.web.servlet.DispatcherServlet] - No mapping found for HTTP request with URI [/static/images/login.js] in DispatcherServlet with name 'SpringMVC'
[WARN][http-bio-9090-exec-10][2016-12-08 16:40:07][org.springframework.web.servlet.DispatcherServlet] - No mapping found for HTTP request with URI [/static/css/login2.css] in DispatcherServlet with name 'SpringMVC'
[WARN][http-bio-9090-exec-10][2016-12-08 16:40:09][org.springframework.web.servlet.DispatcherServlet] - No mapping found for HTTP request with URI [/static/js/jquery-1.9.0.min.js] in DispatcherServlet with name 'SpringMVC'
[WARN][http-bio-9090-exec-8][2016-12-08 16:40:09][org.springframework.web.servlet.DispatcherServlet] - No mapping found for HTTP request with URI [/static/css/login2.css] in DispatcherServlet with name 'SpringMVC'
[WARN][http-bio-9090-exec-9][2016-12-08 16:40:09][org.springframework.web.servlet.DispatcherServlet] - No mapping found for HTTP request with URI [/static/images/login.js] in DispatcherServlet with name 'SpringMVC'
[WARN][http-bio-9090-exec-9][2016-12-08 16:40:09][org.springframework.web.servlet.DispatcherServlet] - No mapping found for HTTP request with URI [/static/css/login2.css] in DispatcherServlet with name 'SpringMVC'
[INFO][localhost-startStop-1][2016-12-08 16:40:26][org.springframework.web.context.ContextLoader] - Root WebApplicationContext: initialization started
[INFO][localhost-startStop-1][2016-12-08 16:40:26][org.springframework.context.support.AbstractApplicationContext] - Refreshing Root WebApplicationContext: startup date [Thu Dec 08 16:40:26 CST 2016]; root of context hierarchy
[INFO][localhost-startStop-1][2016-12-08 16:40:26][org.springframework.beans.factory.xml.XmlBeanDefinitionReader] - Loading XML bean definitions from class path resource [spring-mybatis.xml]
[INFO][localhost-startStop-1][2016-12-08 16:40:26][org.springframework.core.io.support.PropertiesLoaderSupport] - Loading properties file from class path resource [jdbc.properties]
[INFO][localhost-startStop-1][2016-12-08 16:40:26][org.springframework.beans.factory.annotation.AutowiredAnnotationBeanPostProcessor] - JSR-330 'javax.inject.Inject' annotation found and supported for autowiring
[INFO][localhost-startStop-1][2016-12-08 16:40:26][org.springframework.web.context.ContextLoader] - Root WebApplicationContext: initialization completed in 613 ms
[INFO][localhost-startStop-1][2016-12-08 16:40:26][org.springframework.web.servlet.FrameworkServlet] - FrameworkServlet 'SpringMVC': initialization started
[INFO][localhost-startStop-1][2016-12-08 16:40:26][org.springframework.context.support.AbstractApplicationContext] - Refreshing WebApplicationContext for namespace 'SpringMVC-servlet': startup date [Thu Dec 08 16:40:26 CST 2016]; parent: Root WebApplicationContext
[INFO][localhost-startStop-1][2016-12-08 16:40:26][org.springframework.beans.factory.xml.XmlBeanDefinitionReader] - Loading XML bean definitions from class path resource [spring-mvc.xml]
[INFO][localhost-startStop-1][2016-12-08 16:40:26][org.springframework.beans.factory.annotation.AutowiredAnnotationBeanPostProcessor] - JSR-330 'javax.inject.Inject' annotation found and supported for autowiring
[INFO][localhost-startStop-1][2016-12-08 16:40:27][org.springframework.web.servlet.handler.AbstractUrlHandlerMapping] - Mapped URL path [/user/showUser] onto handler 'userController'
[INFO][localhost-startStop-1][2016-12-08 16:40:27][org.springframework.web.servlet.handler.AbstractUrlHandlerMapping] - Mapped URL path [/user/showUser.*] onto handler 'userController'
[INFO][localhost-startStop-1][2016-12-08 16:40:27][org.springframework.web.servlet.handler.AbstractUrlHandlerMapping] - Mapped URL path [/user/showUser/] onto handler 'userController'
[INFO][localhost-startStop-1][2016-12-08 16:40:27][org.springframework.web.servlet.FrameworkServlet] - FrameworkServlet 'SpringMVC': initialization completed in 417 ms
[WARN][http-bio-9090-exec-2][2016-12-08 16:40:32][org.springframework.web.servlet.DispatcherServlet] - No mapping found for HTTP request with URI [/static/images/login.js] in DispatcherServlet with name 'SpringMVC'
[WARN][http-bio-9090-exec-3][2016-12-08 16:40:32][org.springframework.web.servlet.DispatcherServlet] - No mapping found for HTTP request with URI [/static/css/login2.css] in DispatcherServlet with name 'SpringMVC'
[WARN][http-bio-9090-exec-7][2016-12-08 16:40:32][org.springframework.web.servlet.DispatcherServlet] - No mapping found for HTTP request with URI [/static/js/jquery-1.9.0.min.js] in DispatcherServlet with name 'SpringMVC'
[WARN][http-bio-9090-exec-10][2016-12-08 16:40:32][org.springframework.web.servlet.DispatcherServlet] - No mapping found for HTTP request with URI [/static/images/login.js] in DispatcherServlet with name 'SpringMVC'
[WARN][http-bio-9090-exec-10][2016-12-08 16:40:32][org.springframework.web.servlet.DispatcherServlet] - No mapping found for HTTP request with URI [/static/css/login2.css] in DispatcherServlet with name 'SpringMVC'
[INFO][localhost-startStop-1][2016-12-08 16:44:30][org.springframework.web.context.ContextLoader] - Root WebApplicationContext: initialization started
[INFO][localhost-startStop-1][2016-12-08 16:44:30][org.springframework.context.support.AbstractApplicationContext] - Refreshing Root WebApplicationContext: startup date [Thu Dec 08 16:44:30 CST 2016]; root of context hierarchy
[INFO][localhost-startStop-1][2016-12-08 16:44:30][org.springframework.beans.factory.xml.XmlBeanDefinitionReader] - Loading XML bean definitions from class path resource [spring-mybatis.xml]
[INFO][localhost-startStop-1][2016-12-08 16:44:31][org.springframework.core.io.support.PropertiesLoaderSupport] - Loading properties file from class path resource [jdbc.properties]
[INFO][localhost-startStop-1][2016-12-08 16:44:31][org.springframework.beans.factory.annotation.AutowiredAnnotationBeanPostProcessor] - JSR-330 'javax.inject.Inject' annotation found and supported for autowiring
[INFO][localhost-startStop-1][2016-12-08 16:44:31][org.springframework.web.context.ContextLoader] - Root WebApplicationContext: initialization completed in 618 ms
[INFO][localhost-startStop-1][2016-12-08 16:44:31][org.springframework.web.servlet.FrameworkServlet] - FrameworkServlet 'SpringMVC': initialization started
[INFO][localhost-startStop-1][2016-12-08 16:44:31][org.springframework.context.support.AbstractApplicationContext] - Refreshing WebApplicationContext for namespace 'SpringMVC-servlet': startup date [Thu Dec 08 16:44:31 CST 2016]; parent: Root WebApplicationContext
[INFO][localhost-startStop-1][2016-12-08 16:44:31][org.springframework.beans.factory.xml.XmlBeanDefinitionReader] - Loading XML bean definitions from class path resource [spring-mvc.xml]
[INFO][localhost-startStop-1][2016-12-08 16:44:31][org.springframework.beans.factory.annotation.AutowiredAnnotationBeanPostProcessor] - JSR-330 'javax.inject.Inject' annotation found and supported for autowiring
[INFO][localhost-startStop-1][2016-12-08 16:44:31][org.springframework.web.servlet.handler.AbstractUrlHandlerMapping] - Mapped URL path [/static/**] onto handler 'org.springframework.web.servlet.resource.ResourceHttpRequestHandler#0'
[INFO][localhost-startStop-1][2016-12-08 16:44:31][org.springframework.web.servlet.FrameworkServlet] - FrameworkServlet 'SpringMVC': initialization completed in 460 ms
[INFO][localhost-startStop-1][2016-12-08 17:29:52][org.springframework.web.context.ContextLoader] - Root WebApplicationContext: initialization started
[INFO][localhost-startStop-1][2016-12-08 17:29:52][org.springframework.context.support.AbstractApplicationContext] - Refreshing Root WebApplicationContext: startup date [Thu Dec 08 17:29:52 CST 2016]; root of context hierarchy
[INFO][localhost-startStop-1][2016-12-08 17:29:52][org.springframework.beans.factory.xml.XmlBeanDefinitionReader] - Loading XML bean definitions from class path resource [spring-mybatis.xml]
[INFO][localhost-startStop-1][2016-12-08 17:29:52][org.springframework.core.io.support.PropertiesLoaderSupport] - Loading properties file from class path resource [jdbc.properties]
[INFO][localhost-startStop-1][2016-12-08 17:29:53][org.springframework.beans.factory.annotation.AutowiredAnnotationBeanPostProcessor] - JSR-330 'javax.inject.Inject' annotation found and supported for autowiring
[INFO][localhost-startStop-1][2016-12-08 17:29:53][org.springframework.web.context.ContextLoader] - Root WebApplicationContext: initialization completed in 749 ms
[INFO][localhost-startStop-1][2016-12-08 17:29:53][org.springframework.web.servlet.FrameworkServlet] - FrameworkServlet 'SpringMVC': initialization started
[INFO][localhost-startStop-1][2016-12-08 17:29:53][org.springframework.context.support.AbstractApplicationContext] - Refreshing WebApplicationContext for namespace 'SpringMVC-servlet': startup date [Thu Dec 08 17:29:53 CST 2016]; parent: Root WebApplicationContext
[INFO][localhost-startStop-1][2016-12-08 17:29:53][org.springframework.beans.factory.xml.XmlBeanDefinitionReader] - Loading XML bean definitions from class path resource [spring-mvc.xml]
[INFO][localhost-startStop-1][2016-12-08 17:29:53][org.springframework.beans.factory.annotation.AutowiredAnnotationBeanPostProcessor] - JSR-330 'javax.inject.Inject' annotation found and supported for autowiring
[INFO][localhost-startStop-1][2016-12-08 17:29:53][org.springframework.web.servlet.handler.AbstractUrlHandlerMapping] - Mapped URL path [/static/**] onto handler 'org.springframework.web.servlet.resource.ResourceHttpRequestHandler#0'
[INFO][localhost-startStop-1][2016-12-08 17:29:53][org.springframework.web.servlet.FrameworkServlet] - FrameworkServlet 'SpringMVC': initialization completed in 397 ms
[WARN][http-bio-9090-exec-7][2016-12-08 17:30:31][org.springframework.web.servlet.DispatcherServlet] - No mapping found for HTTP request with URI [/user/login] in DispatcherServlet with name 'SpringMVC'
